<?xml version="1.0" encoding="UTF-8" standalone="yes" ?>
<test-results name="C:\Users\thuli\Desktop\Semana Refatoração\Refactor\Win32\Debug\RefactorTest.exe" total="6" errors="0" failures="0" ignored="0" inconclusive="0" not-run="0" skipped="0" invalid="0" date="2021-05-03" time="0.146">
  <culture-info current-culture="en" current-uiculture="en" />
  <test-suite type="Assembly" name="RefactorTest.exe" executed="true" result="Success" success="True" time="0.146" asserts="0">
    <results>
        <test-suite type="Namespace" name="Refactor" executed="true" result="Success" success="True" time="0.138" asserts="0" >
          <results>
              <test-suite type="Fixture" name="TModelDAOCategoriaTest" executed="True" result="Success" success="True" time="0.138" >
                <results>
                  <test-case name="ValidateFields" executed="True" result="Success" success="True" time="0.002" asserts="0" />
                  <test-case name="Insert" executed="True" result="Success" success="True" time="0.015" asserts="0" />
                  <test-case name="Get" executed="True" result="Success" success="True" time="0.014" asserts="0" />
                  <test-case name="ValidateGetResult" executed="True" result="Success" success="True" time="0.004" asserts="0" />
                  <test-case name="Update" executed="True" result="Success" success="True" time="0.009" asserts="0" />
                  <test-case name="Delete" executed="True" result="Success" success="True" time="0.013" asserts="0" />
                </results>
              </test-suite>
          </results>
        </test-suite>
    </results>
  </test-suite>
</test-results>
